11:12:04,582 - [MAIN] - INFO  - Bussiness.GameProperties - Refreshing game properties!
11:12:19,303 - [MAIN] - ERROR - Bussiness.BaseBussiness - GetServerConfig
System.NullReferenceException: Object reference not set to an instance of an object.
   at Bussiness.ServiceBussiness.GetServerPropertyByKey(String key) in C:\Users\Billy\Desktop\gunny project\Bussiness\ServiceBussiness.cs:line 267
11:12:19,325 - [MAIN] - ERROR - Bussiness.GameProperties - Cannot find server property AssState,keep it default value!
11:12:19,341 - [MAIN] - ERROR - Bussiness.BaseBussiness - GetServerConfig
System.NullReferenceException: Object reference not set to an instance of an object.
   at Bussiness.ServiceBussiness.GetServerPropertyByKey(String key) in C:\Users\Billy\Desktop\gunny project\Bussiness\ServiceBussiness.cs:line 267
11:12:19,342 - [MAIN] - ERROR - Bussiness.GameProperties - Cannot find server property BagMailEnable,keep it default value!
11:12:19,362 - [MAIN] - ERROR - Bussiness.BaseBussiness - GetServerConfig
System.NullReferenceException: Object reference not set to an instance of an object.
   at Bussiness.ServiceBussiness.GetServerPropertyByKey(String key) in C:\Users\Billy\Desktop\gunny project\Bussiness\ServiceBussiness.cs:line 267
11:12:19,364 - [MAIN] - ERROR - Bussiness.GameProperties - Cannot find server property BeginAuction,keep it default value!
11:12:19,377 - [MAIN] - ERROR - Bussiness.BaseBussiness - GetServerConfig
System.NullReferenceException: Object reference not set to an instance of an object.
   at Bussiness.ServiceBussiness.GetServerPropertyByKey(String key) in C:\Users\Billy\Desktop\gunny project\Bussiness\ServiceBussiness.cs:line 267
11:12:19,379 - [MAIN] - ERROR - Bussiness.GameProperties - Cannot find server property BigDicePrice,keep it default value!
11:12:19,387 - [MAIN] - ERROR - Bussiness.BaseBussiness - GetServerConfig
System.NullReferenceException: Object reference not set to an instance of an object.
   at Bussiness.ServiceBussiness.GetServerPropertyByKey(String key) in C:\Users\Billy\Desktop\gunny project\Bussiness\ServiceBussiness.cs:line 267
11:12:19,388 - [MAIN] - ERROR - Bussiness.GameProperties - Cannot find server property BigExp,keep it default value!
11:12:19,395 - [MAIN] - ERROR - Bussiness.BaseBussiness - GetServerConfig
System.NullReferenceException: Object reference not set to an instance of an object.
   at Bussiness.ServiceBussiness.GetServerPropertyByKey(String key) in C:\Users\Billy\Desktop\gunny project\Bussiness\ServiceBussiness.cs:line 267
11:12:19,395 - [MAIN] - ERROR - Bussiness.GameProperties - Cannot find server property BoguAdventurePrice,keep it default value!
11:12:19,402 - [MAIN] - ERROR - Bussiness.BaseBussiness - GetServerConfig
System.NullReferenceException: Object reference not set to an instance of an object.
   at Bussiness.ServiceBussiness.GetServerPropertyByKey(String key) in C:\Users\Billy\Desktop\gunny project\Bussiness\ServiceBussiness.cs:line 267
11:12:19,403 - [MAIN] - ERROR - Bussiness.GameProperties - Cannot find server property BoxAppearCondition,keep it default value!
11:12:19,411 - [MAIN] - ERROR - Bussiness.BaseBussiness - GetServerConfig
System.NullReferenceException: Object reference not set to an instance of an object.
   at Bussiness.ServiceBussiness.GetServerPropertyByKey(String key) in C:\Users\Billy\Desktop\gunny project\Bussiness\ServiceBussiness.cs:line 267
11:12:19,412 - [MAIN] - ERROR - Bussiness.GameProperties - Cannot find server property Cess,keep it default value!
11:12:19,419 - [MAIN] - ERROR - Bussiness.BaseBussiness - GetServerConfig
System.NullReferenceException: Object reference not set to an instance of an object.
   at Bussiness.ServiceBussiness.GetServerPropertyByKey(String key) in C:\Users\Billy\Desktop\gunny project\Bussiness\ServiceBussiness.cs:line 267
11:12:19,420 - [MAIN] - ERROR - Bussiness.GameProperties - Cannot find server property CommonDicePrice,keep it default value!
11:12:19,427 - [MAIN] - ERROR - Bussiness.BaseBussiness - GetServerConfig
System.NullReferenceException: Object reference not set to an instance of an object.
   at Bussiness.ServiceBussiness.GetServerPropertyByKey(String key) in C:\Users\Billy\Desktop\gunny project\Bussiness\ServiceBussiness.cs:line 267
11:12:19,427 - [MAIN] - ERROR - Bussiness.GameProperties - Cannot find server property ConsortiaStrengthenEx,keep it default value!
11:12:19,434 - [MAIN] - ERROR - Bussiness.BaseBussiness - GetServerConfig
System.NullReferenceException: Object reference not set to an instance of an object.
   at Bussiness.ServiceBussiness.GetServerPropertyByKey(String key) in C:\Users\Billy\Desktop\gunny project\Bussiness\ServiceBussiness.cs:line 267
11:12:19,434 - [MAIN] - ERROR - Bussiness.GameProperties - Cannot find server property CustomLimit,keep it default value!
11:12:19,441 - [MAIN] - ERROR - Bussiness.BaseBussiness - GetServerConfig
System.NullReferenceException: Object reference not set to an instance of an object.
   at Bussiness.ServiceBussiness.GetServerPropertyByKey(String key) in C:\Users\Billy\Desktop\gunny project\Bussiness\ServiceBussiness.cs:line 267
11:12:19,442 - [MAIN] - ERROR - Bussiness.GameProperties - Cannot find server property CheckCount,keep it default value!
11:12:19,448 - [MAIN] - ERROR - Bussiness.BaseBussiness - GetServerConfig
System.NullReferenceException: Object reference not set to an instance of an object.
   at Bussiness.ServiceBussiness.GetServerPropertyByKey(String key) in C:\Users\Billy\Desktop\gunny project\Bussiness\ServiceBussiness.cs:line 267
11:12:19,449 - [MAIN] - ERROR - Bussiness.GameProperties - Cannot find server property CheckRewardItem,keep it default value!
11:12:19,457 - [MAIN] - ERROR - Bussiness.BaseBussiness - GetServerConfig
System.NullReferenceException: Object reference not set to an instance of an object.
   at Bussiness.ServiceBussiness.GetServerPropertyByKey(String key) in C:\Users\Billy\Desktop\gunny project\Bussiness\ServiceBussiness.cs:line 267
11:12:19,458 - [MAIN] - ERROR - Bussiness.GameProperties - Cannot find server property ChristmasBeginDate,keep it default value!
11:12:19,466 - [MAIN] - ERROR - Bussiness.BaseBussiness - GetServerConfig
System.NullReferenceException: Object reference not set to an instance of an object.
   at Bussiness.ServiceBussiness.GetServerPropertyByKey(String key) in C:\Users\Billy\Desktop\gunny project\Bussiness\ServiceBussiness.cs:line 267
11:12:19,467 - [MAIN] - ERROR - Bussiness.GameProperties - Cannot find server property ChristmasBuildSnowmanDoubleMoney,keep it default value!
11:12:19,473 - [MAIN] - ERROR - Bussiness.BaseBussiness - GetServerConfig
System.NullReferenceException: Object reference not set to an instance of an object.
   at Bussiness.ServiceBussiness.GetServerPropertyByKey(String key) in C:\Users\Billy\Desktop\gunny project\Bussiness\ServiceBussiness.cs:line 267
11:12:19,474 - [MAIN] - ERROR - Bussiness.GameProperties - Cannot find server property ChristmasBuyMinute,keep it default value!
11:12:19,481 - [MAIN] - ERROR - Bussiness.BaseBussiness - GetServerConfig
System.NullReferenceException: Object reference not set to an instance of an object.
   at Bussiness.ServiceBussiness.GetServerPropertyByKey(String key) in C:\Users\Billy\Desktop\gunny project\Bussiness\ServiceBussiness.cs:line 267
11:12:19,481 - [MAIN] - ERROR - Bussiness.GameProperties - Cannot find server property ChristmasBuyTimeMoney,keep it default value!
11:12:19,488 - [MAIN] - ERROR - Bussiness.BaseBussiness - GetServerConfig
System.NullReferenceException: Object reference not set to an instance of an object.
   at Bussiness.ServiceBussiness.GetServerPropertyByKey(String key) in C:\Users\Billy\Desktop\gunny project\Bussiness\ServiceBussiness.cs:line 267
11:12:19,489 - [MAIN] - ERROR - Bussiness.GameProperties - Cannot find server property ChristmasEndDate,keep it default value!
11:12:19,495 - [MAIN] - ERROR - Bussiness.BaseBussiness - GetServerConfig
System.NullReferenceException: Object reference not set to an instance of an object.
   at Bussiness.ServiceBussiness.GetServerPropertyByKey(String key) in C:\Users\Billy\Desktop\gunny project\Bussiness\ServiceBussiness.cs:line 267
11:12:19,496 - [MAIN] - ERROR - Bussiness.GameProperties - Cannot find server property ChristmasGifts,keep it default value!
11:12:19,504 - [MAIN] - ERROR - Bussiness.BaseBussiness - GetServerConfig
System.NullReferenceException: Object reference not set to an instance of an object.
   at Bussiness.ServiceBussiness.GetServerPropertyByKey(String key) in C:\Users\Billy\Desktop\gunny project\Bussiness\ServiceBussiness.cs:line 267
11:12:19,505 - [MAIN] - ERROR - Bussiness.GameProperties - Cannot find server property ChristmasGiftsMaxNum,keep it default value!
11:12:19,512 - [MAIN] - ERROR - Bussiness.BaseBussiness - GetServerConfig
System.NullReferenceException: Object reference not set to an instance of an object.
   at Bussiness.ServiceBussiness.GetServerPropertyByKey(String key) in C:\Users\Billy\Desktop\gunny project\Bussiness\ServiceBussiness.cs:line 267
11:12:19,513 - [MAIN] - ERROR - Bussiness.GameProperties - Cannot find server property ChristmasMinute,keep it default value!
11:12:19,519 - [MAIN] - ERROR - Bussiness.BaseBussiness - GetServerConfig
System.NullReferenceException: Object reference not set to an instance of an object.
   at Bussiness.ServiceBussiness.GetServerPropertyByKey(String key) in C:\Users\Billy\Desktop\gunny project\Bussiness\ServiceBussiness.cs:line 267
11:12:19,520 - [MAIN] - ERROR - Bussiness.GameProperties - Cannot find server property DailyAwardState,keep it default value!
11:12:19,526 - [MAIN] - ERROR - Bussiness.BaseBussiness - GetServerConfig
System.NullReferenceException: Object reference not set to an instance of an object.
   at Bussiness.ServiceBussiness.GetServerPropertyByKey(String key) in C:\Users\Billy\Desktop\gunny project\Bussiness\ServiceBussiness.cs:line 267
11:12:19,527 - [MAIN] - ERROR - Bussiness.GameProperties - Cannot find server property DDPlayActivityBeginDate,keep it default value!
11:12:19,533 - [MAIN] - ERROR - Bussiness.BaseBussiness - GetServerConfig
System.NullReferenceException: Object reference not set to an instance of an object.
   at Bussiness.ServiceBussiness.GetServerPropertyByKey(String key) in C:\Users\Billy\Desktop\gunny project\Bussiness\ServiceBussiness.cs:line 267
11:12:19,534 - [MAIN] - ERROR - Bussiness.GameProperties - Cannot find server property DDPlayActivityEndDate,keep it default value!
11:12:19,541 - [MAIN] - ERROR - Bussiness.BaseBussiness - GetServerConfig
System.NullReferenceException: Object reference not set to an instance of an object.
   at Bussiness.ServiceBussiness.GetServerPropertyByKey(String key) in C:\Users\Billy\Desktop\gunny project\Bussiness\ServiceBussiness.cs:line 267
11:12:19,541 - [MAIN] - ERROR - Bussiness.GameProperties - Cannot find server property DDPlayActivityMoney,keep it default value!
11:12:19,549 - [MAIN] - ERROR - Bussiness.BaseBussiness - GetServerConfig
System.NullReferenceException: Object reference not set to an instance of an object.
   at Bussiness.ServiceBussiness.GetServerPropertyByKey(String key) in C:\Users\Billy\Desktop\gunny project\Bussiness\ServiceBussiness.cs:line 267
11:12:19,550 - [MAIN] - ERROR - Bussiness.GameProperties - Cannot find server property DiceBeginTime,keep it default value!
11:12:19,557 - [MAIN] - ERROR - Bussiness.BaseBussiness - GetServerConfig
System.NullReferenceException: Object reference not set to an instance of an object.
   at Bussiness.ServiceBussiness.GetServerPropertyByKey(String key) in C:\Users\Billy\Desktop\gunny project\Bussiness\ServiceBussiness.cs:line 267
11:12:19,558 - [MAIN] - ERROR - Bussiness.GameProperties - Cannot find server property DiceEndTime,keep it default value!
11:12:19,564 - [MAIN] - ERROR - Bussiness.BaseBussiness - GetServerConfig
System.NullReferenceException: Object reference not set to an instance of an object.
   at Bussiness.ServiceBussiness.GetServerPropertyByKey(String key) in C:\Users\Billy\Desktop\gunny project\Bussiness\ServiceBussiness.cs:line 267
11:12:19,565 - [MAIN] - ERROR - Bussiness.GameProperties - Cannot find server property DiceGameAwardAndCount,keep it default value!
11:12:19,572 - [MAIN] - ERROR - Bussiness.BaseBussiness - GetServerConfig
System.NullReferenceException: Object reference not set to an instance of an object.
   at Bussiness.ServiceBussiness.GetServerPropertyByKey(String key) in C:\Users\Billy\Desktop\gunny project\Bussiness\ServiceBussiness.cs:line 267
11:12:19,572 - [MAIN] - ERROR - Bussiness.GameProperties - Cannot find server property DiceRefreshPrice,keep it default value!
11:12:19,579 - [MAIN] - ERROR - Bussiness.BaseBussiness - GetServerConfig
System.NullReferenceException: Object reference not set to an instance of an object.
   at Bussiness.ServiceBussiness.GetServerPropertyByKey(String key) in C:\Users\Billy\Desktop\gunny project\Bussiness\ServiceBussiness.cs:line 267
11:12:19,579 - [MAIN] - ERROR - Bussiness.GameProperties - Cannot find server property DisableCommands,keep it default value!
11:12:19,586 - [MAIN] - ERROR - Bussiness.BaseBussiness - GetServerConfig
System.NullReferenceException: Object reference not set to an instance of an object.
   at Bussiness.ServiceBussiness.GetServerPropertyByKey(String key) in C:\Users\Billy\Desktop\gunny project\Bussiness\ServiceBussiness.cs:line 267
11:12:19,586 - [MAIN] - ERROR - Bussiness.GameProperties - Cannot find server property DoubleDicePrice,keep it default value!
11:12:19,594 - [MAIN] - ERROR - Bussiness.BaseBussiness - GetServerConfig
System.NullReferenceException: Object reference not set to an instance of an object.
   at Bussiness.ServiceBussiness.GetServerPropertyByKey(String key) in C:\Users\Billy\Desktop\gunny project\Bussiness\ServiceBussiness.cs:line 267
11:12:19,594 - [MAIN] - ERROR - Bussiness.GameProperties - Cannot find server property DragonBoatAreaMinScore,keep it default value!
11:12:19,610 - [MAIN] - ERROR - Bussiness.BaseBussiness - GetServerConfig
System.NullReferenceException: Object reference not set to an instance of an object.
   at Bussiness.ServiceBussiness.GetServerPropertyByKey(String key) in C:\Users\Billy\Desktop\gunny project\Bussiness\ServiceBussiness.cs:line 267
11:12:19,611 - [MAIN] - ERROR - Bussiness.GameProperties - Cannot find server property DragonBoatBeginDate,keep it default value!
11:12:19,623 - [MAIN] - ERROR - Bussiness.BaseBussiness - GetServerConfig
System.NullReferenceException: Object reference not set to an instance of an object.
   at Bussiness.ServiceBussiness.GetServerPropertyByKey(String key) in C:\Users\Billy\Desktop\gunny project\Bussiness\ServiceBussiness.cs:line 267
11:12:19,624 - [MAIN] - ERROR - Bussiness.GameProperties - Cannot find server property DragonBoatByMoney,keep it default value!
11:12:19,631 - [MAIN] - ERROR - Bussiness.BaseBussiness - GetServerConfig
System.NullReferenceException: Object reference not set to an instance of an object.
   at Bussiness.ServiceBussiness.GetServerPropertyByKey(String key) in C:\Users\Billy\Desktop\gunny project\Bussiness\ServiceBussiness.cs:line 267
11:12:19,631 - [MAIN] - ERROR - Bussiness.GameProperties - Cannot find server property DragonBoatByProps,keep it default value!
11:12:19,638 - [MAIN] - ERROR - Bussiness.BaseBussiness - GetServerConfig
System.NullReferenceException: Object reference not set to an instance of an object.
   at Bussiness.ServiceBussiness.GetServerPropertyByKey(String key) in C:\Users\Billy\Desktop\gunny project\Bussiness\ServiceBussiness.cs:line 267
11:12:19,638 - [MAIN] - ERROR - Bussiness.GameProperties - Cannot find server property DragonBoatConvertHours,keep it default value!
11:12:19,647 - [MAIN] - ERROR - Bussiness.BaseBussiness - GetServerConfig
System.NullReferenceException: Object reference not set to an instance of an object.
   at Bussiness.ServiceBussiness.GetServerPropertyByKey(String key) in C:\Users\Billy\Desktop\gunny project\Bussiness\ServiceBussiness.cs:line 267
11:12:19,648 - [MAIN] - ERROR - Bussiness.GameProperties - Cannot find server property DragonBoatEndDate,keep it default value!
11:12:19,655 - [MAIN] - ERROR - Bussiness.BaseBussiness - GetServerConfig
System.NullReferenceException: Object reference not set to an instance of an object.
   at Bussiness.ServiceBussiness.GetServerPropertyByKey(String key) in C:\Users\Billy\Desktop\gunny project\Bussiness\ServiceBussiness.cs:line 267
11:12:19,655 - [MAIN] - ERROR - Bussiness.GameProperties - Cannot find server property DragonBoatMaxScore,keep it default value!
11:12:19,662 - [MAIN] - ERROR - Bussiness.BaseBussiness - GetServerConfig
System.NullReferenceException: Object reference not set to an instance of an object.
   at Bussiness.ServiceBussiness.GetServerPropertyByKey(String key) in C:\Users\Billy\Desktop\gunny project\Bussiness\ServiceBussiness.cs:line 267
11:12:19,663 - [MAIN] - ERROR - Bussiness.GameProperties - Cannot find server property DragonBoatMinScore,keep it default value!
11:12:19,670 - [MAIN] - ERROR - Bussiness.BaseBussiness - GetServerConfig
System.NullReferenceException: Object reference not set to an instance of an object.
   at Bussiness.ServiceBussiness.GetServerPropertyByKey(String key) in C:\Users\Billy\Desktop\gunny project\Bussiness\ServiceBussiness.cs:line 267
11:12:19,671 - [MAIN] - ERROR - Bussiness.GameProperties - Cannot find server property DragonBoatProp,keep it default value!
11:12:19,677 - [MAIN] - ERROR - Bussiness.BaseBussiness - GetServerConfig
System.NullReferenceException: Object reference not set to an instance of an object.
   at Bussiness.ServiceBussiness.GetServerPropertyByKey(String key) in C:\Users\Billy\Desktop\gunny project\Bussiness\ServiceBussiness.cs:line 267
11:12:19,678 - [MAIN] - ERROR - Bussiness.GameProperties - Cannot find server property Edition,keep it default value!
11:12:19,684 - [MAIN] - ERROR - Bussiness.BaseBussiness - GetServerConfig
System.NullReferenceException: Object reference not set to an instance of an object.
   at Bussiness.ServiceBussiness.GetServerPropertyByKey(String key) in C:\Users\Billy\Desktop\gunny project\Bussiness\ServiceBussiness.cs:line 267
11:12:19,685 - [MAIN] - ERROR - Bussiness.GameProperties - Cannot find server property EndAuction,keep it default value!
11:12:19,693 - [MAIN] - ERROR - Bussiness.BaseBussiness - GetServerConfig
System.NullReferenceException: Object reference not set to an instance of an object.
   at Bussiness.ServiceBussiness.GetServerPropertyByKey(String key) in C:\Users\Billy\Desktop\gunny project\Bussiness\ServiceBussiness.cs:line 267
11:12:19,693 - [MAIN] - ERROR - Bussiness.GameProperties - Cannot find server property EquipMaxRefineryLevel,keep it default value!
11:12:19,700 - [MAIN] - ERROR - Bussiness.BaseBussiness - GetServerConfig
System.NullReferenceException: Object reference not set to an instance of an object.
   at Bussiness.ServiceBussiness.GetServerPropertyByKey(String key) in C:\Users\Billy\Desktop\gunny project\Bussiness\ServiceBussiness.cs:line 267
11:12:19,701 - [MAIN] - ERROR - Bussiness.GameProperties - Cannot find server property EquipRefineryExp,keep it default value!
11:12:19,708 - [MAIN] - ERROR - Bussiness.BaseBussiness - GetServerConfig
System.NullReferenceException: Object reference not set to an instance of an object.
   at Bussiness.ServiceBussiness.GetServerPropertyByKey(String key) in C:\Users\Billy\Desktop\gunny project\Bussiness\ServiceBussiness.cs:line 267
11:12:19,708 - [MAIN] - ERROR - Bussiness.GameProperties - Cannot find server property FightFootballTime,keep it default value!
11:12:19,714 - [MAIN] - ERROR - Bussiness.BaseBussiness - GetServerConfig
System.NullReferenceException: Object reference not set to an instance of an object.
   at Bussiness.ServiceBussiness.GetServerPropertyByKey(String key) in C:\Users\Billy\Desktop\gunny project\Bussiness\ServiceBussiness.cs:line 267
11:12:19,714 - [MAIN] - ERROR - Bussiness.GameProperties - Cannot find server property FreeExp,keep it default value!
11:12:19,720 - [MAIN] - ERROR - Bussiness.BaseBussiness - GetServerConfig
System.NullReferenceException: Object reference not set to an instance of an object.
   at Bussiness.ServiceBussiness.GetServerPropertyByKey(String key) in C:\Users\Billy\Desktop\gunny project\Bussiness\ServiceBussiness.cs:line 267
11:12:19,721 - [MAIN] - ERROR - Bussiness.GameProperties - Cannot find server property FreeMoney,keep it default value!
11:12:19,727 - [MAIN] - ERROR - Bussiness.BaseBussiness - GetServerConfig
System.NullReferenceException: Object reference not set to an instance of an object.
   at Bussiness.ServiceBussiness.GetServerPropertyByKey(String key) in C:\Users\Billy\Desktop\gunny project\Bussiness\ServiceBussiness.cs:line 267
11:12:19,727 - [MAIN] - ERROR - Bussiness.GameProperties - Cannot find server property HoleLevelUpExpList,keep it default value!
11:12:19,733 - [MAIN] - ERROR - Bussiness.BaseBussiness - GetServerConfig
System.NullReferenceException: Object reference not set to an instance of an object.
   at Bussiness.ServiceBussiness.GetServerPropertyByKey(String key) in C:\Users\Billy\Desktop\gunny project\Bussiness\ServiceBussiness.cs:line 267
11:12:19,733 - [MAIN] - ERROR - Bussiness.GameProperties - Cannot find server property HotSpringExp,keep it default value!
11:12:19,745 - [MAIN] - ERROR - Bussiness.BaseBussiness - GetServerConfig
System.NullReferenceException: Object reference not set to an instance of an object.
   at Bussiness.ServiceBussiness.GetServerPropertyByKey(String key) in C:\Users\Billy\Desktop\gunny project\Bussiness\ServiceBussiness.cs:line 267
11:12:19,745 - [MAIN] - ERROR - Bussiness.GameProperties - Cannot find server property IsActiveMoney,keep it default value!
11:12:19,752 - [MAIN] - ERROR - Bussiness.BaseBussiness - GetServerConfig
System.NullReferenceException: Object reference not set to an instance of an object.
   at Bussiness.ServiceBussiness.GetServerPropertyByKey(String key) in C:\Users\Billy\Desktop\gunny project\Bussiness\ServiceBussiness.cs:line 267
11:12:19,753 - [MAIN] - ERROR - Bussiness.GameProperties - Cannot find server property IsDDTMoneyActive,keep it default value!
11:12:19,759 - [MAIN] - ERROR - Bussiness.BaseBussiness - GetServerConfig
System.NullReferenceException: Object reference not set to an instance of an object.
   at Bussiness.ServiceBussiness.GetServerPropertyByKey(String key) in C:\Users\Billy\Desktop\gunny project\Bussiness\ServiceBussiness.cs:line 267
11:12:19,759 - [MAIN] - ERROR - Bussiness.GameProperties - Cannot find server property IsLimitAuction,keep it default value!
11:12:19,766 - [MAIN] - ERROR - Bussiness.BaseBussiness - GetServerConfig
System.NullReferenceException: Object reference not set to an instance of an object.
   at Bussiness.ServiceBussiness.GetServerPropertyByKey(String key) in C:\Users\Billy\Desktop\gunny project\Bussiness\ServiceBussiness.cs:line 267
11:12:19,766 - [MAIN] - ERROR - Bussiness.GameProperties - Cannot find server property IsLimitCount,keep it default value!
11:12:19,772 - [MAIN] - ERROR - Bussiness.BaseBussiness - GetServerConfig
System.NullReferenceException: Object reference not set to an instance of an object.
   at Bussiness.ServiceBussiness.GetServerPropertyByKey(String key) in C:\Users\Billy\Desktop\gunny project\Bussiness\ServiceBussiness.cs:line 267
11:12:19,772 - [MAIN] - ERROR - Bussiness.GameProperties - Cannot find server property IsLimitMail,keep it default value!
11:12:19,779 - [MAIN] - ERROR - Bussiness.BaseBussiness - GetServerConfig
System.NullReferenceException: Object reference not set to an instance of an object.
   at Bussiness.ServiceBussiness.GetServerPropertyByKey(String key) in C:\Users\Billy\Desktop\gunny project\Bussiness\ServiceBussiness.cs:line 267
11:12:19,779 - [MAIN] - ERROR - Bussiness.GameProperties - Cannot find server property IsLimitMoney,keep it default value!
11:12:19,787 - [MAIN] - ERROR - Bussiness.BaseBussiness - GetServerConfig
System.NullReferenceException: Object reference not set to an instance of an object.
   at Bussiness.ServiceBussiness.GetServerPropertyByKey(String key) in C:\Users\Billy\Desktop\gunny project\Bussiness\ServiceBussiness.cs:line 267
11:12:19,788 - [MAIN] - ERROR - Bussiness.GameProperties - Cannot find server property IsPromotePackageOpen,keep it default value!
11:12:19,794 - [MAIN] - ERROR - Bussiness.BaseBussiness - GetServerConfig
System.NullReferenceException: Object reference not set to an instance of an object.
   at Bussiness.ServiceBussiness.GetServerPropertyByKey(String key) in C:\Users\Billy\Desktop\gunny project\Bussiness\ServiceBussiness.cs:line 267
11:12:19,795 - [MAIN] - ERROR - Bussiness.GameProperties - Cannot find server property IsWishBeadLimit,keep it default value!
11:12:19,801 - [MAIN] - ERROR - Bussiness.BaseBussiness - GetServerConfig
System.NullReferenceException: Object reference not set to an instance of an object.
   at Bussiness.ServiceBussiness.GetServerPropertyByKey(String key) in C:\Users\Billy\Desktop\gunny project\Bussiness\ServiceBussiness.cs:line 267
11:12:19,802 - [MAIN] - ERROR - Bussiness.GameProperties - Cannot find server property KingBuffPrice,keep it default value!
11:12:19,808 - [MAIN] - ERROR - Bussiness.BaseBussiness - GetServerConfig
System.NullReferenceException: Object reference not set to an instance of an object.
   at Bussiness.ServiceBussiness.GetServerPropertyByKey(String key) in C:\Users\Billy\Desktop\gunny project\Bussiness\ServiceBussiness.cs:line 267
11:12:19,808 - [MAIN] - ERROR - Bussiness.GameProperties - Cannot find server property LightRiddleAnswerScore,keep it default value!
11:12:19,815 - [MAIN] - ERROR - Bussiness.BaseBussiness - GetServerConfig
System.NullReferenceException: Object reference not set to an instance of an object.
   at Bussiness.ServiceBussiness.GetServerPropertyByKey(String key) in C:\Users\Billy\Desktop\gunny project\Bussiness\ServiceBussiness.cs:line 267
11:12:19,816 - [MAIN] - ERROR - Bussiness.GameProperties - Cannot find server property LightRiddleAnswerTime,keep it default value!
11:12:19,822 - [MAIN] - ERROR - Bussiness.BaseBussiness - GetServerConfig
System.NullReferenceException: Object reference not set to an instance of an object.
   at Bussiness.ServiceBussiness.GetServerPropertyByKey(String key) in C:\Users\Billy\Desktop\gunny project\Bussiness\ServiceBussiness.cs:line 267
11:12:19,823 - [MAIN] - ERROR - Bussiness.GameProperties - Cannot find server property LightRiddleBeginDate,keep it default value!
11:12:19,830 - [MAIN] - ERROR - Bussiness.BaseBussiness - GetServerConfig
System.NullReferenceException: Object reference not set to an instance of an object.
   at Bussiness.ServiceBussiness.GetServerPropertyByKey(String key) in C:\Users\Billy\Desktop\gunny project\Bussiness\ServiceBussiness.cs:line 267
11:12:19,831 - [MAIN] - ERROR - Bussiness.GameProperties - Cannot find server property LightRiddleBeginTime,keep it default value!
11:12:19,837 - [MAIN] - ERROR - Bussiness.BaseBussiness - GetServerConfig
System.NullReferenceException: Object reference not set to an instance of an object.
   at Bussiness.ServiceBussiness.GetServerPropertyByKey(String key) in C:\Users\Billy\Desktop\gunny project\Bussiness\ServiceBussiness.cs:line 267
11:12:19,838 - [MAIN] - ERROR - Bussiness.GameProperties - Cannot find server property LightRiddleComboMoney,keep it default value!
11:12:19,845 - [MAIN] - ERROR - Bussiness.BaseBussiness - GetServerConfig
System.NullReferenceException: Object reference not set to an instance of an object.
   at Bussiness.ServiceBussiness.GetServerPropertyByKey(String key) in C:\Users\Billy\Desktop\gunny project\Bussiness\ServiceBussiness.cs:line 267
11:12:19,845 - [MAIN] - ERROR - Bussiness.GameProperties - Cannot find server property LightRiddleEndDate,keep it default value!
11:12:19,860 - [MAIN] - ERROR - Bussiness.BaseBussiness - GetServerConfig
System.NullReferenceException: Object reference not set to an instance of an object.
   at Bussiness.ServiceBussiness.GetServerPropertyByKey(String key) in C:\Users\Billy\Desktop\gunny project\Bussiness\ServiceBussiness.cs:line 267
11:12:19,860 - [MAIN] - ERROR - Bussiness.GameProperties - Cannot find server property LightRiddleEndTime,keep it default value!
11:12:19,868 - [MAIN] - ERROR - Bussiness.BaseBussiness - GetServerConfig
System.NullReferenceException: Object reference not set to an instance of an object.
   at Bussiness.ServiceBussiness.GetServerPropertyByKey(String key) in C:\Users\Billy\Desktop\gunny project\Bussiness\ServiceBussiness.cs:line 267
11:12:19,868 - [MAIN] - ERROR - Bussiness.GameProperties - Cannot find server property LightRiddleFreeComboNum,keep it default value!
11:12:19,874 - [MAIN] - ERROR - Bussiness.BaseBussiness - GetServerConfig
System.NullReferenceException: Object reference not set to an instance of an object.
   at Bussiness.ServiceBussiness.GetServerPropertyByKey(String key) in C:\Users\Billy\Desktop\gunny project\Bussiness\ServiceBussiness.cs:line 267
11:12:19,875 - [MAIN] - ERROR - Bussiness.GameProperties - Cannot find server property LightRiddleFreeHitNum,keep it default value!
11:12:19,882 - [MAIN] - ERROR - Bussiness.BaseBussiness - GetServerConfig
System.NullReferenceException: Object reference not set to an instance of an object.
   at Bussiness.ServiceBussiness.GetServerPropertyByKey(String key) in C:\Users\Billy\Desktop\gunny project\Bussiness\ServiceBussiness.cs:line 267
11:12:19,883 - [MAIN] - ERROR - Bussiness.GameProperties - Cannot find server property LightRiddleHitMoney,keep it default value!
11:12:19,889 - [MAIN] - ERROR - Bussiness.BaseBussiness - GetServerConfig
System.NullReferenceException: Object reference not set to an instance of an object.
   at Bussiness.ServiceBussiness.GetServerPropertyByKey(String key) in C:\Users\Billy\Desktop\gunny project\Bussiness\ServiceBussiness.cs:line 267
11:12:19,889 - [MAIN] - ERROR - Bussiness.GameProperties - Cannot find server property LightRiddleOpenLevel,keep it default value!
11:12:19,896 - [MAIN] - ERROR - Bussiness.BaseBussiness - GetServerConfig
System.NullReferenceException: Object reference not set to an instance of an object.
   at Bussiness.ServiceBussiness.GetServerPropertyByKey(String key) in C:\Users\Billy\Desktop\gunny project\Bussiness\ServiceBussiness.cs:line 267
11:12:19,896 - [MAIN] - ERROR - Bussiness.GameProperties - Cannot find server property LimitAuction,keep it default value!
11:12:19,902 - [MAIN] - ERROR - Bussiness.BaseBussiness - GetServerConfig
System.NullReferenceException: Object reference not set to an instance of an object.
   at Bussiness.ServiceBussiness.GetServerPropertyByKey(String key) in C:\Users\Billy\Desktop\gunny project\Bussiness\ServiceBussiness.cs:line 267
11:12:19,902 - [MAIN] - ERROR - Bussiness.GameProperties - Cannot find server property LimitCount,keep it default value!
11:12:19,908 - [MAIN] - ERROR - Bussiness.BaseBussiness - GetServerConfig
System.NullReferenceException: Object reference not set to an instance of an object.
   at Bussiness.ServiceBussiness.GetServerPropertyByKey(String key) in C:\Users\Billy\Desktop\gunny project\Bussiness\ServiceBussiness.cs:line 267
11:12:19,909 - [MAIN] - ERROR - Bussiness.GameProperties - Cannot find server property LimitMail,keep it default value!
11:12:19,914 - [MAIN] - ERROR - Bussiness.BaseBussiness - GetServerConfig
System.NullReferenceException: Object reference not set to an instance of an object.
   at Bussiness.ServiceBussiness.GetServerPropertyByKey(String key) in C:\Users\Billy\Desktop\gunny project\Bussiness\ServiceBussiness.cs:line 267
11:12:19,915 - [MAIN] - ERROR - Bussiness.GameProperties - Cannot find server property LimitMoney,keep it default value!
11:12:19,921 - [MAIN] - ERROR - Bussiness.BaseBussiness - GetServerConfig
System.NullReferenceException: Object reference not set to an instance of an object.
   at Bussiness.ServiceBussiness.GetServerPropertyByKey(String key) in C:\Users\Billy\Desktop\gunny project\Bussiness\ServiceBussiness.cs:line 267
11:12:19,921 - [MAIN] - ERROR - Bussiness.GameProperties - Cannot find server property LuckStarActivityBeginDate,keep it default value!
11:12:19,930 - [MAIN] - ERROR - Bussiness.BaseBussiness - GetServerConfig
System.NullReferenceException: Object reference not set to an instance of an object.
   at Bussiness.ServiceBussiness.GetServerPropertyByKey(String key) in C:\Users\Billy\Desktop\gunny project\Bussiness\ServiceBussiness.cs:line 267
11:12:19,930 - [MAIN] - ERROR - Bussiness.GameProperties - Cannot find server property LuckStarActivityEndDate,keep it default value!
11:12:19,938 - [MAIN] - ERROR - Bussiness.BaseBussiness - GetServerConfig
System.NullReferenceException: Object reference not set to an instance of an object.
   at Bussiness.ServiceBussiness.GetServerPropertyByKey(String key) in C:\Users\Billy\Desktop\gunny project\Bussiness\ServiceBussiness.cs:line 267
11:12:19,938 - [MAIN] - ERROR - Bussiness.GameProperties - Cannot find server property MagicPackageID,keep it default value!
11:12:19,945 - [MAIN] - ERROR - Bussiness.BaseBussiness - GetServerConfig
System.NullReferenceException: Object reference not set to an instance of an object.
   at Bussiness.ServiceBussiness.GetServerPropertyByKey(String key) in C:\Users\Billy\Desktop\gunny project\Bussiness\ServiceBussiness.cs:line 267
11:12:19,945 - [MAIN] - ERROR - Bussiness.GameProperties - Cannot find server property MagicStoneOpenPoint,keep it default value!
11:12:19,952 - [MAIN] - ERROR - Bussiness.BaseBussiness - GetServerConfig
System.NullReferenceException: Object reference not set to an instance of an object.
   at Bussiness.ServiceBussiness.GetServerPropertyByKey(String key) in C:\Users\Billy\Desktop\gunny project\Bussiness\ServiceBussiness.cs:line 267
11:12:19,952 - [MAIN] - ERROR - Bussiness.GameProperties - Cannot find server property MaxMissionEnergy,keep it default value!
11:12:19,959 - [MAIN] - ERROR - Bussiness.BaseBussiness - GetServerConfig
System.NullReferenceException: Object reference not set to an instance of an object.
   at Bussiness.ServiceBussiness.GetServerPropertyByKey(String key) in C:\Users\Billy\Desktop\gunny project\Bussiness\ServiceBussiness.cs:line 267
11:12:19,959 - [MAIN] - ERROR - Bussiness.GameProperties - Cannot find server property MinUseNum,keep it default value!
11:12:19,966 - [MAIN] - ERROR - Bussiness.BaseBussiness - GetServerConfig
System.NullReferenceException: Object reference not set to an instance of an object.
   at Bussiness.ServiceBussiness.GetServerPropertyByKey(String key) in C:\Users\Billy\Desktop\gunny project\Bussiness\ServiceBussiness.cs:line 267
11:12:19,967 - [MAIN] - ERROR - Bussiness.GameProperties - Cannot find server property NewChickenBeginTime,keep it default value!
11:12:19,976 - [MAIN] - ERROR - Bussiness.BaseBussiness - GetServerConfig
System.NullReferenceException: Object reference not set to an instance of an object.
   at Bussiness.ServiceBussiness.GetServerPropertyByKey(String key) in C:\Users\Billy\Desktop\gunny project\Bussiness\ServiceBussiness.cs:line 267
11:12:19,976 - [MAIN] - ERROR - Bussiness.GameProperties - Cannot find server property NewChickenEagleEyePrice,keep it default value!
11:12:19,984 - [MAIN] - ERROR - Bussiness.BaseBussiness - GetServerConfig
System.NullReferenceException: Object reference not set to an instance of an object.
   at Bussiness.ServiceBussiness.GetServerPropertyByKey(String key) in C:\Users\Billy\Desktop\gunny project\Bussiness\ServiceBussiness.cs:line 267
11:12:19,985 - [MAIN] - ERROR - Bussiness.GameProperties - Cannot find server property NewChickenEndTime,keep it default value!
11:12:19,992 - [MAIN] - ERROR - Bussiness.BaseBussiness - GetServerConfig
System.NullReferenceException: Object reference not set to an instance of an object.
   at Bussiness.ServiceBussiness.GetServerPropertyByKey(String key) in C:\Users\Billy\Desktop\gunny project\Bussiness\ServiceBussiness.cs:line 267
11:12:19,992 - [MAIN] - ERROR - Bussiness.GameProperties - Cannot find server property NewChickenFlushPrice,keep it default value!
11:12:19,999 - [MAIN] - ERROR - Bussiness.BaseBussiness - GetServerConfig
System.NullReferenceException: Object reference not set to an instance of an object.
   at Bussiness.ServiceBussiness.GetServerPropertyByKey(String key) in C:\Users\Billy\Desktop\gunny project\Bussiness\ServiceBussiness.cs:line 267
11:12:19,999 - [MAIN] - ERROR - Bussiness.GameProperties - Cannot find server property NewChickenOpenCardPrice,keep it default value!
11:12:20,006 - [MAIN] - ERROR - Bussiness.BaseBussiness - GetServerConfig
System.NullReferenceException: Object reference not set to an instance of an object.
   at Bussiness.ServiceBussiness.GetServerPropertyByKey(String key) in C:\Users\Billy\Desktop\gunny project\Bussiness\ServiceBussiness.cs:line 267
11:12:20,006 - [MAIN] - ERROR - Bussiness.GameProperties - Cannot find server property OpenMagicStonePackageMoney,keep it default value!
11:12:20,014 - [MAIN] - ERROR - Bussiness.BaseBussiness - GetServerConfig
System.NullReferenceException: Object reference not set to an instance of an object.
   at Bussiness.ServiceBussiness.GetServerPropertyByKey(String key) in C:\Users\Billy\Desktop\gunny project\Bussiness\ServiceBussiness.cs:line 267
11:12:20,014 - [MAIN] - ERROR - Bussiness.GameProperties - Cannot find server property OpenRunePackageMoney,keep it default value!
11:12:20,022 - [MAIN] - ERROR - Bussiness.BaseBussiness - GetServerConfig
System.NullReferenceException: Object reference not set to an instance of an object.
   at Bussiness.ServiceBussiness.GetServerPropertyByKey(String key) in C:\Users\Billy\Desktop\gunny project\Bussiness\ServiceBussiness.cs:line 267
11:12:20,023 - [MAIN] - ERROR - Bussiness.GameProperties - Cannot find server property OpenRunePackageRange,keep it default value!
11:12:20,030 - [MAIN] - ERROR - Bussiness.BaseBussiness - GetServerConfig
System.NullReferenceException: Object reference not set to an instance of an object.
   at Bussiness.ServiceBussiness.GetServerPropertyByKey(String key) in C:\Users\Billy\Desktop\gunny project\Bussiness\ServiceBussiness.cs:line 267
11:12:20,031 - [MAIN] - ERROR - Bussiness.GameProperties - Cannot find server property PetExp,keep it default value!
11:12:20,038 - [MAIN] - ERROR - Bussiness.BaseBussiness - GetServerConfig
System.NullReferenceException: Object reference not set to an instance of an object.
   at Bussiness.ServiceBussiness.GetServerPropertyByKey(String key) in C:\Users\Billy\Desktop\gunny project\Bussiness\ServiceBussiness.cs:line 267
11:12:20,038 - [MAIN] - ERROR - Bussiness.GameProperties - Cannot find server property MustComposeGold,keep it default value!
11:12:20,045 - [MAIN] - ERROR - Bussiness.BaseBussiness - GetServerConfig
System.NullReferenceException: Object reference not set to an instance of an object.
   at Bussiness.ServiceBussiness.GetServerPropertyByKey(String key) in C:\Users\Billy\Desktop\gunny project\Bussiness\ServiceBussiness.cs:line 267
11:12:20,046 - [MAIN] - ERROR - Bussiness.GameProperties - Cannot find server property DivorcedMoney,keep it default value!
11:12:20,052 - [MAIN] - ERROR - Bussiness.BaseBussiness - GetServerConfig
System.NullReferenceException: Object reference not set to an instance of an object.
   at Bussiness.ServiceBussiness.GetServerPropertyByKey(String key) in C:\Users\Billy\Desktop\gunny project\Bussiness\ServiceBussiness.cs:line 267
11:12:20,053 - [MAIN] - ERROR - Bussiness.GameProperties - Cannot find server property DivorcedDiscountMoney,keep it default value!
11:12:20,059 - [MAIN] - ERROR - Bussiness.BaseBussiness - GetServerConfig
System.NullReferenceException: Object reference not set to an instance of an object.
   at Bussiness.ServiceBussiness.GetServerPropertyByKey(String key) in C:\Users\Billy\Desktop\gunny project\Bussiness\ServiceBussiness.cs:line 267
11:12:20,060 - [MAIN] - ERROR - Bussiness.GameProperties - Cannot find server property MustFusionGold,keep it default value!
11:12:20,068 - [MAIN] - ERROR - Bussiness.BaseBussiness - GetServerConfig
System.NullReferenceException: Object reference not set to an instance of an object.
   at Bussiness.ServiceBussiness.GetServerPropertyByKey(String key) in C:\Users\Billy\Desktop\gunny project\Bussiness\ServiceBussiness.cs:line 267
11:12:20,068 - [MAIN] - ERROR - Bussiness.GameProperties - Cannot find server property MarryRoomCreateMoney,keep it default value!
11:12:20,076 - [MAIN] - ERROR - Bussiness.BaseBussiness - GetServerConfig
System.NullReferenceException: Object reference not set to an instance of an object.
   at Bussiness.ServiceBussiness.GetServerPropertyByKey(String key) in C:\Users\Billy\Desktop\gunny project\Bussiness\ServiceBussiness.cs:line 267
11:12:20,076 - [MAIN] - ERROR - Bussiness.GameProperties - Cannot find server property HymenealMoney,keep it default value!
11:12:20,083 - [MAIN] - ERROR - Bussiness.BaseBussiness - GetServerConfig
System.NullReferenceException: Object reference not set to an instance of an object.
   at Bussiness.ServiceBussiness.GetServerPropertyByKey(String key) in C:\Users\Billy\Desktop\gunny project\Bussiness\ServiceBussiness.cs:line 267
11:12:20,084 - [MAIN] - ERROR - Bussiness.GameProperties - Cannot find server property MustStrengthenGold,keep it default value!
11:12:20,091 - [MAIN] - ERROR - Bussiness.BaseBussiness - GetServerConfig
System.NullReferenceException: Object reference not set to an instance of an object.
   at Bussiness.ServiceBussiness.GetServerPropertyByKey(String key) in C:\Users\Billy\Desktop\gunny project\Bussiness\ServiceBussiness.cs:line 267
11:12:20,091 - [MAIN] - ERROR - Bussiness.GameProperties - Cannot find server property PromotePackagePrice,keep it default value!
11:12:20,098 - [MAIN] - ERROR - Bussiness.BaseBussiness - GetServerConfig
System.NullReferenceException: Object reference not set to an instance of an object.
   at Bussiness.ServiceBussiness.GetServerPropertyByKey(String key) in C:\Users\Billy\Desktop\gunny project\Bussiness\ServiceBussiness.cs:line 267
11:12:20,098 - [MAIN] - ERROR - Bussiness.GameProperties - Cannot find server property PyramidBeginTime,keep it default value!
11:12:20,117 - [MAIN] - ERROR - Bussiness.BaseBussiness - GetServerConfig
System.NullReferenceException: Object reference not set to an instance of an object.
   at Bussiness.ServiceBussiness.GetServerPropertyByKey(String key) in C:\Users\Billy\Desktop\gunny project\Bussiness\ServiceBussiness.cs:line 267
11:12:20,118 - [MAIN] - ERROR - Bussiness.GameProperties - Cannot find server property PyramidEndTime,keep it default value!
11:12:20,131 - [MAIN] - ERROR - Bussiness.BaseBussiness - GetServerConfig
System.NullReferenceException: Object reference not set to an instance of an object.
   at Bussiness.ServiceBussiness.GetServerPropertyByKey(String key) in C:\Users\Billy\Desktop\gunny project\Bussiness\ServiceBussiness.cs:line 267
11:12:20,132 - [MAIN] - ERROR - Bussiness.GameProperties - Cannot find server property PyramidRevivePrice,keep it default value!
11:12:20,138 - [MAIN] - ERROR - Bussiness.BaseBussiness - GetServerConfig
System.NullReferenceException: Object reference not set to an instance of an object.
   at Bussiness.ServiceBussiness.GetServerPropertyByKey(String key) in C:\Users\Billy\Desktop\gunny project\Bussiness\ServiceBussiness.cs:line 267
11:12:20,138 - [MAIN] - ERROR - Bussiness.GameProperties - Cannot find server property PyramydTurnCardPrice,keep it default value!
11:12:20,144 - [MAIN] - ERROR - Bussiness.BaseBussiness - GetServerConfig
System.NullReferenceException: Object reference not set to an instance of an object.
   at Bussiness.ServiceBussiness.GetServerPropertyByKey(String key) in C:\Users\Billy\Desktop\gunny project\Bussiness\ServiceBussiness.cs:line 267
11:12:20,145 - [MAIN] - ERROR - Bussiness.GameProperties - Cannot find server property RingLevel,keep it default value!
11:12:20,151 - [MAIN] - ERROR - Bussiness.BaseBussiness - GetServerConfig
System.NullReferenceException: Object reference not set to an instance of an object.
   at Bussiness.ServiceBussiness.GetServerPropertyByKey(String key) in C:\Users\Billy\Desktop\gunny project\Bussiness\ServiceBussiness.cs:line 267
11:12:20,151 - [MAIN] - ERROR - Bussiness.GameProperties - Cannot find server property RingMaxRefineryLevel,keep it default value!
11:12:20,157 - [MAIN] - ERROR - Bussiness.BaseBussiness - GetServerConfig
System.NullReferenceException: Object reference not set to an instance of an object.
   at Bussiness.ServiceBussiness.GetServerPropertyByKey(String key) in C:\Users\Billy\Desktop\gunny project\Bussiness\ServiceBussiness.cs:line 267
11:12:20,157 - [MAIN] - ERROR - Bussiness.GameProperties - Cannot find server property RuneLevelUpExp,keep it default value!
11:12:20,165 - [MAIN] - ERROR - Bussiness.BaseBussiness - GetServerConfig
System.NullReferenceException: Object reference not set to an instance of an object.
   at Bussiness.ServiceBussiness.GetServerPropertyByKey(String key) in C:\Users\Billy\Desktop\gunny project\Bussiness\ServiceBussiness.cs:line 267
11:12:20,166 - [MAIN] - ERROR - Bussiness.GameProperties - Cannot find server property RunePackageID,keep it default value!
11:12:20,173 - [MAIN] - ERROR - Bussiness.BaseBussiness - GetServerConfig
System.NullReferenceException: Object reference not set to an instance of an object.
   at Bussiness.ServiceBussiness.GetServerPropertyByKey(String key) in C:\Users\Billy\Desktop\gunny project\Bussiness\ServiceBussiness.cs:line 267
11:12:20,174 - [MAIN] - ERROR - Bussiness.GameProperties - Cannot find server property SearchGoodsFreeCount,keep it default value!
11:12:20,181 - [MAIN] - ERROR - Bussiness.BaseBussiness - GetServerConfig
System.NullReferenceException: Object reference not set to an instance of an object.
   at Bussiness.ServiceBussiness.GetServerPropertyByKey(String key) in C:\Users\Billy\Desktop\gunny project\Bussiness\ServiceBussiness.cs:line 267
11:12:20,182 - [MAIN] - ERROR - Bussiness.GameProperties - Cannot find server property SearchGoodsFreeLimit,keep it default value!
11:12:20,189 - [MAIN] - ERROR - Bussiness.BaseBussiness - GetServerConfig
System.NullReferenceException: Object reference not set to an instance of an object.
   at Bussiness.ServiceBussiness.GetServerPropertyByKey(String key) in C:\Users\Billy\Desktop\gunny project\Bussiness\ServiceBussiness.cs:line 267
11:12:20,189 - [MAIN] - ERROR - Bussiness.GameProperties - Cannot find server property SearchGoodsPayMoney,keep it default value!
11:12:20,196 - [MAIN] - ERROR - Bussiness.BaseBussiness - GetServerConfig
System.NullReferenceException: Object reference not set to an instance of an object.
   at Bussiness.ServiceBussiness.GetServerPropertyByKey(String key) in C:\Users\Billy\Desktop\gunny project\Bussiness\ServiceBussiness.cs:line 267
11:12:20,197 - [MAIN] - ERROR - Bussiness.GameProperties - Cannot find server property SearchGoodsTakeCardMoney,keep it default value!
11:12:20,205 - [MAIN] - ERROR - Bussiness.BaseBussiness - GetServerConfig
System.NullReferenceException: Object reference not set to an instance of an object.
   at Bussiness.ServiceBussiness.GetServerPropertyByKey(String key) in C:\Users\Billy\Desktop\gunny project\Bussiness\ServiceBussiness.cs:line 267
11:12:20,205 - [MAIN] - ERROR - Bussiness.GameProperties - Cannot find server property SmallDicePrice,keep it default value!
11:12:20,214 - [MAIN] - ERROR - Bussiness.BaseBussiness - GetServerConfig
System.NullReferenceException: Object reference not set to an instance of an object.
   at Bussiness.ServiceBussiness.GetServerPropertyByKey(String key) in C:\Users\Billy\Desktop\gunny project\Bussiness\ServiceBussiness.cs:line 267
11:12:20,214 - [MAIN] - ERROR - Bussiness.GameProperties - Cannot find server property SpaPriRoomContinueTime,keep it default value!
11:12:20,222 - [MAIN] - ERROR - Bussiness.BaseBussiness - GetServerConfig
System.NullReferenceException: Object reference not set to an instance of an object.
   at Bussiness.ServiceBussiness.GetServerPropertyByKey(String key) in C:\Users\Billy\Desktop\gunny project\Bussiness\ServiceBussiness.cs:line 267
11:12:20,223 - [MAIN] - ERROR - Bussiness.GameProperties - Cannot find server property SpaPubRoomLoginPay,keep it default value!
11:12:20,230 - [MAIN] - ERROR - Bussiness.BaseBussiness - GetServerConfig
System.NullReferenceException: Object reference not set to an instance of an object.
   at Bussiness.ServiceBussiness.GetServerPropertyByKey(String key) in C:\Users\Billy\Desktop\gunny project\Bussiness\ServiceBussiness.cs:line 267
11:12:20,230 - [MAIN] - ERROR - Bussiness.GameProperties - Cannot find server property TestActive,keep it default value!
11:12:20,237 - [MAIN] - ERROR - Bussiness.BaseBussiness - GetServerConfig
System.NullReferenceException: Object reference not set to an instance of an object.
   at Bussiness.ServiceBussiness.GetServerPropertyByKey(String key) in C:\Users\Billy\Desktop\gunny project\Bussiness\ServiceBussiness.cs:line 267
11:12:20,238 - [MAIN] - ERROR - Bussiness.GameProperties - Cannot find server property VIPExpForEachLv,keep it default value!
11:12:20,245 - [MAIN] - ERROR - Bussiness.BaseBussiness - GetServerConfig
System.NullReferenceException: Object reference not set to an instance of an object.
   at Bussiness.ServiceBussiness.GetServerPropertyByKey(String key) in C:\Users\Billy\Desktop\gunny project\Bussiness\ServiceBussiness.cs:line 267
11:12:20,245 - [MAIN] - ERROR - Bussiness.GameProperties - Cannot find server property VIPStrengthenEx,keep it default value!
11:12:20,252 - [MAIN] - ERROR - Bussiness.BaseBussiness - GetServerConfig
System.NullReferenceException: Object reference not set to an instance of an object.
   at Bussiness.ServiceBussiness.GetServerPropertyByKey(String key) in C:\Users\Billy\Desktop\gunny project\Bussiness\ServiceBussiness.cs:line 267
11:12:20,252 - [MAIN] - ERROR - Bussiness.GameProperties - Cannot find server property VirtualName,keep it default value!
11:12:20,261 - [MAIN] - ERROR - Bussiness.BaseBussiness - GetServerConfig
System.NullReferenceException: Object reference not set to an instance of an object.
   at Bussiness.ServiceBussiness.GetServerPropertyByKey(String key) in C:\Users\Billy\Desktop\gunny project\Bussiness\ServiceBussiness.cs:line 267
11:12:20,262 - [MAIN] - ERROR - Bussiness.GameProperties - Cannot find server property WarriorFamRaidDDTPrice,keep it default value!
11:12:20,270 - [MAIN] - ERROR - Bussiness.BaseBussiness - GetServerConfig
System.NullReferenceException: Object reference not set to an instance of an object.
   at Bussiness.ServiceBussiness.GetServerPropertyByKey(String key) in C:\Users\Billy\Desktop\gunny project\Bussiness\ServiceBussiness.cs:line 267
11:12:20,271 - [MAIN] - ERROR - Bussiness.GameProperties - Cannot find server property WarriorFamRaidPriceBig,keep it default value!
11:12:20,278 - [MAIN] - ERROR - Bussiness.BaseBussiness - GetServerConfig
System.NullReferenceException: Object reference not set to an instance of an object.
   at Bussiness.ServiceBussiness.GetServerPropertyByKey(String key) in C:\Users\Billy\Desktop\gunny project\Bussiness\ServiceBussiness.cs:line 267
11:12:20,279 - [MAIN] - ERROR - Bussiness.GameProperties - Cannot find server property WarriorFamRaidPricePerMin,keep it default value!
11:12:20,286 - [MAIN] - ERROR - Bussiness.BaseBussiness - GetServerConfig
System.NullReferenceException: Object reference not set to an instance of an object.
   at Bussiness.ServiceBussiness.GetServerPropertyByKey(String key) in C:\Users\Billy\Desktop\gunny project\Bussiness\ServiceBussiness.cs:line 267
11:12:20,287 - [MAIN] - ERROR - Bussiness.GameProperties - Cannot find server property WarriorFamRaidPriceSmall,keep it default value!
11:12:20,294 - [MAIN] - ERROR - Bussiness.BaseBussiness - GetServerConfig
System.NullReferenceException: Object reference not set to an instance of an object.
   at Bussiness.ServiceBussiness.GetServerPropertyByKey(String key) in C:\Users\Billy\Desktop\gunny project\Bussiness\ServiceBussiness.cs:line 267
11:12:20,294 - [MAIN] - ERROR - Bussiness.GameProperties - Cannot find server property WarriorFamRaidTimeRemain,keep it default value!
11:12:20,302 - [MAIN] - ERROR - Bussiness.BaseBussiness - GetServerConfig
System.NullReferenceException: Object reference not set to an instance of an object.
   at Bussiness.ServiceBussiness.GetServerPropertyByKey(String key) in C:\Users\Billy\Desktop\gunny project\Bussiness\ServiceBussiness.cs:line 267
11:12:20,303 - [MAIN] - ERROR - Bussiness.GameProperties - Cannot find server property WishBeadLimitLv,keep it default value!
11:12:20,311 - [MAIN] - ERROR - Bussiness.BaseBussiness - GetServerConfig
System.NullReferenceException: Object reference not set to an instance of an object.
   at Bussiness.ServiceBussiness.GetServerPropertyByKey(String key) in C:\Users\Billy\Desktop\gunny project\Bussiness\ServiceBussiness.cs:line 267
11:12:20,311 - [MAIN] - ERROR - Bussiness.GameProperties - Cannot find server property YearMonsterBeginDate,keep it default value!
11:12:20,318 - [MAIN] - ERROR - Bussiness.BaseBussiness - GetServerConfig
System.NullReferenceException: Object reference not set to an instance of an object.
   at Bussiness.ServiceBussiness.GetServerPropertyByKey(String key) in C:\Users\Billy\Desktop\gunny project\Bussiness\ServiceBussiness.cs:line 267
11:12:20,319 - [MAIN] - ERROR - Bussiness.GameProperties - Cannot find server property YearMonsterBoxInfo,keep it default value!
11:12:20,325 - [MAIN] - ERROR - Bussiness.BaseBussiness - GetServerConfig
System.NullReferenceException: Object reference not set to an instance of an object.
   at Bussiness.ServiceBussiness.GetServerPropertyByKey(String key) in C:\Users\Billy\Desktop\gunny project\Bussiness\ServiceBussiness.cs:line 267
11:12:20,325 - [MAIN] - ERROR - Bussiness.GameProperties - Cannot find server property YearMonsterBuffMoney,keep it default value!
11:12:20,331 - [MAIN] - ERROR - Bussiness.BaseBussiness - GetServerConfig
System.NullReferenceException: Object reference not set to an instance of an object.
   at Bussiness.ServiceBussiness.GetServerPropertyByKey(String key) in C:\Users\Billy\Desktop\gunny project\Bussiness\ServiceBussiness.cs:line 267
11:12:20,331 - [MAIN] - ERROR - Bussiness.GameProperties - Cannot find server property YearMonsterEndDate,keep it default value!
11:12:20,337 - [MAIN] - ERROR - Bussiness.BaseBussiness - GetServerConfig
System.NullReferenceException: Object reference not set to an instance of an object.
   at Bussiness.ServiceBussiness.GetServerPropertyByKey(String key) in C:\Users\Billy\Desktop\gunny project\Bussiness\ServiceBussiness.cs:line 267
11:12:20,338 - [MAIN] - ERROR - Bussiness.GameProperties - Cannot find server property YearMonsterFightNum,keep it default value!
11:12:20,344 - [MAIN] - ERROR - Bussiness.BaseBussiness - GetServerConfig
System.NullReferenceException: Object reference not set to an instance of an object.
   at Bussiness.ServiceBussiness.GetServerPropertyByKey(String key) in C:\Users\Billy\Desktop\gunny project\Bussiness\ServiceBussiness.cs:line 267
11:12:20,344 - [MAIN] - ERROR - Bussiness.GameProperties - Cannot find server property YearMonsterHP,keep it default value!
11:12:20,356 - [MAIN] - ERROR - Bussiness.BaseBussiness - GetServerConfig
System.NullReferenceException: Object reference not set to an instance of an object.
   at Bussiness.ServiceBussiness.GetServerPropertyByKey(String key) in C:\Users\Billy\Desktop\gunny project\Bussiness\ServiceBussiness.cs:line 267
11:12:20,357 - [MAIN] - ERROR - Bussiness.GameProperties - Cannot find server property YearMonsterOpenLevel,keep it default value!
11:12:20,367 - [MAIN] - INFO  - Center.Server.CenterServer - Recompile Scripts: True
11:12:20,388 - [MAIN] - INFO  - Center.Server.CenterServer - Registering global event handlers: true
11:12:20,388 - [MAIN] - INFO  - Center.Server.CenterServer - Script components: True
11:12:20,389 - [MAIN] - INFO  - Center.Server.CenterServer - Check Server Edition:2612558: True
11:12:20,392 - [MAIN] - INFO  - Center.Server.CenterServer - InitSocket Port:9202: True
11:12:21,017 - [MAIN] - INFO  - Center.Server.CenterService - Center Service started!
11:12:21,018 - [MAIN] - INFO  - Center.Server.CenterServer - Center Service: True
11:12:21,037 - [MAIN] - ERROR - Bussiness.BaseBussiness - Init
System.NullReferenceException: Object reference not set to an instance of an object.
   at Bussiness.ServiceBussiness.GetServerList() in C:\Users\Billy\Desktop\gunny project\Bussiness\ServiceBussiness.cs:line 223
11:12:21,038 - [MAIN] - INFO  - Center.Server.ServerMgr - Load server list from db.
11:12:21,038 - [MAIN] - INFO  - Center.Server.CenterServer - Load serverlist: True
11:12:21,046 - [MAIN] - INFO  - Center.Server.CenterServer - Init MacroDropMgr: True
11:12:21,068 - [MAIN] - ERROR - Bussiness.BaseBussiness - GetL